<?xml version="1.0" encoding="UTF-8"?>
<!-- Generated by org.testng.reporters.JUnitXMLReporter -->
<testsuite ignored="1" hostname="DESKTOP-UB3S2NO" failures="0" tests="2" name="Login" time="8.952" errors="0" timestamp="23 May 2019 20:48:03 GMT">
  <testcase classname="com.portal.test.Testing" name="negativeLoginTest" time="1.195"/>
  <testcase classname="com.portal.test.Testing" name="negativeLoginTest" time="1.34"/>
  <testcase classname="com.portal.test.Testing" name="positiveLoginTest" time="0.0">
    <ignored/>
  </testcase> <!-- positiveLoginTest -->
</testsuite> <!-- Login -->
