<?xml version="1.0" encoding="UTF-8"?>
<!-- Generated by org.testng.reporters.JUnitXMLReporter -->
<testsuite ignored="1" hostname="DESKTOP-UB3S2NO" failures="0" tests="2" name="Negative Login IE" time="11.145" errors="0" timestamp="23 May 2019 21:02:14 GMT">
  <testcase classname="com.portal.test.Testing" name="negativeLoginTest" time="1.422"/>
  <testcase classname="com.portal.test.Testing" name="negativeLoginTest" time="1.365"/>
  <testcase classname="com.portal.test.Testing" name="positiveLoginTest" time="0.0">
    <ignored/>
  </testcase> <!-- positiveLoginTest -->
</testsuite> <!-- Negative Login IE -->
