<?xml version="1.0" encoding="UTF-8"?>
<!-- Generated by org.testng.reporters.JUnitXMLReporter -->
<testsuite hostname="DESKTOP-70GSI7K" ignored="1" name=" Positive Login CH " tests="1" failures="1" timestamp="25 May 2019 09:34:35 GMT" time="36.356" errors="0">
  <testcase name="positiveLoginTest" time="28.436" classname="com.portal.test.Testing">
    <failure type="java.lang.AssertionError" message="Student Name isn&amp;apos;t expected expected [true] but found [false]">
      <![CDATA[java.lang.AssertionError: Student Name isn't expected expected [true] but found [false]
at com.portal.test.Testing.positiveLoginTest(Testing.java:51)
at java.util.concurrent.FutureTask.run(Unknown Source)
at java.util.concurrent.ThreadPoolExecutor.runWorker(Unknown Source)
at java.util.concurrent.ThreadPoolExecutor$Worker.run(Unknown Source)
at java.lang.Thread.run(Unknown Source)
... Removed 19 stack frames]]>
    </failure>
  </testcase> <!-- positiveLoginTest -->
  <testcase name="negativeLoginTest" time="0.0" classname="com.portal.test.Testing">
    <ignored/>
  </testcase> <!-- negativeLoginTest -->
</testsuite> <!--  Positive Login CH  -->
